make all --print-data-base --no-builtin-variables --no-builtin-rules --question
# GNU Make 4.2.1
# Built for x86_64-pc-linux-gnu
# Copyright (C) 1988-2016 Free Software Foundation, Inc.
# License GPLv3+: GNU GPL version 3 or later <http://gnu.org/licenses/gpl.html>
# This is free software: you are free to change and redistribute it.
# There is NO WARRANTY, to the extent permitted by law.

# Make data base, printed on Wed Jul 13 10:07:11 2022

# Variables

# automatic
<D = $(patsubst %/,%,$(dir $<))
# automatic
?F = $(notdir $?)
# environment
DESKTOP_SESSION = ubuntu
# default
.SHELLFLAGS := -c
# makefile (from 'Makefile', line 57)
OBJ = ${patsubst src/%, obj/%, $(SRC:.c=.o)}
# environment
XDG_SESSION_CLASS = user
# makefile (from 'Makefile', line 5)
SRC = src/main.c src/signals.c src/parsing/ft_cut_exit.c src/parsing/ft_clear_token.c src/parsing/ft_cut_cd.c src/parsing/ft_cut_env.c src/parsing/ft_cut_pwd.c src/parsing/ft_cut_input.c src/parsing/ft_cut_export.c src/parsing/ft_cut_echo.c src/parsing/ft_cut_unset.c src/parsing/ft_cut_bin.c src/parsing/ft_cut_bin_bis.c src/parsing/ft_cut_redirects.c src/parsing/ft_pre_parsing.c src/init/ft_init_token.c src/init/ft_init_data.c src/init/ft_init_var.c src/builtin/ft_read_token_list.c src/builtin/ft_read_token_list_bis.c src/builtin/ft_read_token_list_bis_bis.c src/builtin/ft_echo.c src/builtin/ft_pwd.c src/builtin/ft_env.c src/builtin/ft_unset.c src/builtin/ft_export.c src/builtin/ft_cd.c src/builtin/ft_cd_bis.c src/builtin/ft_exit.c src/utils/ft_write.c src/utils/ft_str.c src/utils/ft_str_bis.c src/utils/ft_str_bis_bis.c src/var/ft_var.c src/var/ft_var_sort.c src/bin/ft_bin.c src/bin/ft_bin_bis.c src/redir/ft_pipe.c src/redir/ft_in_file.c src/redir/ft_here_doc.c src/free/ft_free.c src/parse_arg/ft_parse_arg.c src/parse_arg/ft_malloc_arg.c src/parse_arg/ft_malloc_arg_bis.c src/parse_arg/ft_one_arg.c src/parse_arg/ft_size_one_arg.c src/parse_arg/ft_quote.c src/parse_arg/ft_dol.c 
# environment
XDG_SESSION_TYPE = x11
# environment
VSCODE_LOG_NATIVE = false
# automatic
?D = $(patsubst %/,%,$(dir $?))
# automatic
@D = $(patsubst %/,%,$(dir $@))
# environment
XAUTHORITY = /mnt/nfs/homes/guderram/.Xauthority
# environment
GDMSESSION = ubuntu
# environment
XMODIFIERS = @im=ibus
# makefile
CURDIR := /mnt/nfs/homes/guderram/42/minishell
# makefile
SHELL = /bin/sh
# makefile (from 'Makefile', line 67)
RM = rm -rf
# environment
VTE_VERSION = 6003
# environment
VSCODE_NLS_CONFIG = {"locale":"fr","availableLanguages":{"*":"fr"},"_languagePackId":"575d78304484aa5fa0cbb32d34fd883d.fr","_translationsConfigFile":"/mnt/nfs/homes/guderram/.config/Code/clp/575d78304484aa5fa0cbb32d34fd883d.fr/tcf.json","_cacheRoot":"/mnt/nfs/homes/guderram/.config/Code/clp/575d78304484aa5fa0cbb32d34fd883d.fr","_resolvedLanguagePackCoreLocation":"/mnt/nfs/homes/guderram/.config/Code/clp/575d78304484aa5fa0cbb32d34fd883d.fr/30d9c6cd9483b2cc586687151bcbcd635f373630","_corruptedFile":"/mnt/nfs/homes/guderram/.config/Code/clp/575d78304484aa5fa0cbb32d34fd883d.fr/corrupted.info","_languagePackSupport":true}
# environment
_ = /usr/bin/code
# makefile (from 'Makefile', line 68)
CFLAGS = -Wall -Werror -Wextra
# environment
JOURNAL_STREAM = 9:1209102
# environment
XDG_CONFIG_DIRS = /etc/xdg/xdg-ubuntu:/etc/xdg
# makefile (from 'Makefile', line 1)
MAKEFILE_LIST :=  Makefile
# makefile (from 'Makefile', line 62)
LIB_FLAGS = -L $(LIBFT_DIR) -lft
# automatic
@F = $(notdir $@)
# environment
IM_CONFIG_PHASE = 1
# 'override' directive
GNUMAKEFLAGS := 
# environment
MANDATORY_PATH = /usr/share/gconf/ubuntu.mandatory.path
# environment
XDG_DATA_DIRS = /usr/share/gnome:/usr/share/ubuntu:/mnt/nfs/homes/guderram/.local/share/flatpak/exports/share:/var/lib/flatpak/exports/share:/usr/local/share:/usr/share:/var/lib/snapd/desktop
# environment
DBUS_SESSION_BUS_ADDRESS = unix:path=/run/user/32509/bus
# environment
VSCODE_VERBOSE_LOGGING = true
# environment
MANAGERPID = 472875
# environment
VSCODE_IPC_HOOK_EXTHOST = /run/user/32509/vscode-ipc-acee4476-e872-4927-aec0-5b05a1689012.sock
# environment
VSCODE_CWD = /mnt/nfs/homes/guderram/42/minishell
# environment
XDG_SESSION_PATH = /org/freedesktop/DisplayManager/Session6
# environment
KRB5CCNAME = FILE:/tmp/krb5cc_32509_NczQ28
# default
MAKE_HOST := x86_64-pc-linux-gnu
# environment
PATH = /mnt/nfs/homes/guderram/bin:/usr/local/sbin:/usr/local/bin:/usr/sbin:/usr/bin:/sbin:/bin:/usr/games:/usr/local/games:/snap/bin
# environment
GPG_AGENT_INFO = /run/user/32509/gnupg/S.gpg-agent:0:1
# environment
SESSION_MANAGER = local/e1r11p3.42.fr:@/tmp/.ICE-unix/473301,unix/e1r11p3.42.fr:/tmp/.ICE-unix/473301
# environment
XDG_RUNTIME_DIR = /run/user/32509
# environment
XDG_MENU_PREFIX = gnome-
# environment
VSCODE_LOG_STACK = false
# environment
ELECTRON_RUN_AS_NODE = 1
# environment
INVOCATION_ID = 72feb01020744252a5e754f6cf2e9132
# default
.FEATURES := target-specific order-only second-expansion else-if shortest-stem undefine oneshell archives jobserver output-sync check-symlink load
# makefile (from 'Makefile', line 61)
LIBFT_DIR = ./src/libft/
# environment
XDG_GREETER_DATA_DIR = /var/lib/lightdm-data/guderram
# environment
XDG_SESSION_DESKTOP = ubuntu
# environment
SSH_AUTH_SOCK = /run/user/32509/keyring/ssh
# automatic
%F = $(notdir $%)
# environment
DISPLAY = :0
# environment
VSCODE_PIPE_LOGGING = true
# environment
PWD = /mnt/nfs/homes/guderram/42/minishell
# default
.LOADED := 
# environment
SSH_AGENT_PID = 473228
# makefile (from 'Makefile', line 74)
DONE = @echo "MINISHELL ready to use!"
# environment
ORIGINAL_XDG_CURRENT_DESKTOP = ubuntu:GNOME
# environment
GTK_MODULES = gail:atk-bridge
# environment
VSCODE_AMD_ENTRYPOINT = vs/workbench/api/node/extensionHostProcess
# environment
HOME = /mnt/nfs/homes/guderram
# environment
VSCODE_CLI = 1
# environment
VSCODE_CODE_CACHE_PATH = /mnt/nfs/homes/guderram/.config/Code/CachedData/30d9c6cd9483b2cc586687151bcbcd635f373630
# environment
LOGNAME = guderram
# environment
APPLICATION_INSIGHTS_NO_DIAGNOSTIC_CHANNEL = 1
# environment
ELECTRON_NO_ATTACH_CONSOLE = 1
# environment
VSCODE_HANDLES_UNCAUGHT_ERRORS = true
# environment
GNOME_DESKTOP_SESSION_ID = this-is-deprecated
# automatic
^D = $(patsubst %/,%,$(dir $^))
# environment
MAKELEVEL := 0
# environment
COLORTERM = truecolor
# default
MAKE = $(MAKE_COMMAND)
# default
MAKECMDGOALS := all
# environment
QT_IM_MODULE = ibus
# environment
SHLVL = 2
# makefile (from 'Makefile', line 60)
LIBFT = $(LIBFT_DIR)libft.a
# makefile (from 'Makefile', line 72)
CLEAN_O = @echo "Object files removed!"
# makefile (from 'Makefile', line 66)
CC = gcc
# default
MAKE_VERSION := 4.2.1
# environment
USER = guderram
# makefile
.DEFAULT_GOAL := all
# environment
XDG_CURRENT_DESKTOP = Unity
# environment
LIBVIRT_DEFAULT_URI = qemu:///system
# automatic
%D = $(patsubst %/,%,$(dir $%))
# default
MAKE_COMMAND := make
# makefile (from 'Makefile', line 63)
INC = -I ./inc/ -I $(LIBFT_DIR)
# environment
OLDPWD = /mnt/nfs/homes/guderram/42
# default
.VARIABLES := 
# automatic
*F = $(notdir $*)
# environment
XDG_SEAT_PATH = /org/freedesktop/DisplayManager/Seat0
# environment
VSCODE_IPC_HOOK = /run/user/32509/vscode-c015ace9-1.68.1-main.sock
# makefile
MAKEFLAGS = pqrR
# environment
MFLAGS = -pqrR
# automatic
*D = $(patsubst %/,%,$(dir $*))
# automatic
+D = $(patsubst %/,%,$(dir $+))
# environment
GDK_BACKEND = x11
# automatic
+F = $(notdir $+)
# makefile (from 'Makefile', line 73)
CLEAN_A = @echo "Executables removed!"
# environment
QT_ACCESSIBILITY = 1
# environment
DEFAULTS_PATH = /usr/share/gconf/ubuntu.default.path
# default
MAKEFILES := 
# automatic
<F = $(notdir $<)
# environment
LC_ALL = C
# environment
GJS_DEBUG_TOPICS = JS ERROR;JS LOG
# environment
GNOME_TERMINAL_SCREEN = /org/gnome/Terminal/screen/25769a78_ef4a_490c_96d2_e18d4b8194e6
# automatic
^F = $(notdir $^)
# environment
GNOME_TERMINAL_SERVICE = :1.100
# default
SUFFIXES := 
# environment
CHROME_DESKTOP = code-url-handler.desktop
# default
.INCLUDE_DIRS = /usr/include /usr/local/include /usr/include
# environment
GJS_DEBUG_OUTPUT = stderr
# makefile (from 'Makefile', line 2)
NAME = minishell
# default
.RECIPEPREFIX := 
# environment
LANG = C
# environment
TERM = xterm-256color
# environment
DOCKER_HOST = unix:///run/user/32509/docker.sock
# environment
VSCODE_PID = 476067
# variable set hash-table stats:
# Load=118/1024=12%, Rehash=0, Collisions=19/157=12%

# Pattern-specific Variable Values

# No pattern-specific variable values.

# Directories

# . (device 59, inode 264212907): 8 files, no impossibilities.
# src (device 59, inode 264212967): 7 files, no impossibilities so far.

# 15 files, no impossibilities in 2 directories.

# Implicit Rules

obj/%.o: src/%.c
#  recipe to execute (from 'Makefile', line 87):
	@mkdir -p obj
	@mkdir -p obj/parsing
	@mkdir -p obj/init
	@mkdir -p obj/builtin
	@mkdir -p obj/utils
	@mkdir -p obj/var
	@mkdir -p obj/bin
	@mkdir -p obj/redir
	@mkdir -p obj/free
	@mkdir -p obj/parse_arg
	@$(CC) $(CFLAGS) -o $@ -c $<

 
# 1 implicit rules, 0 (0.0%) terminal.

# Files

# Not a target:
obj/parse_arg/ft_parse_arg.o:
#  Implicit rule search has not been done.
#  Modification time never checked.
#  File has not been updated.

# Not a target:
obj/builtin/ft_echo.o:
#  Implicit rule search has not been done.
#  Modification time never checked.
#  File has not been updated.

# Not a target:
obj/parsing/ft_cut_echo.o:
#  Implicit rule search has not been done.
#  Modification time never checked.
#  File has not been updated.

# Not a target:
obj/builtin/ft_export.o:
#  Implicit rule search has not been done.
#  Modification time never checked.
#  File has not been updated.

# Not a target:
obj/parsing/ft_cut_export.o:
#  Implicit rule search has not been done.
#  Modification time never checked.
#  File has not been updated.

# Not a target:
obj/parsing/ft_cut_bin_bis.o:
#  Implicit rule search has not been done.
#  Modification time never checked.
#  File has not been updated.

# Not a target:
obj/parse_arg/ft_quote.o:
#  Implicit rule search has not been done.
#  Modification time never checked.
#  File has not been updated.

# Not a target:
obj/parse_arg/ft_malloc_arg_bis.o:
#  Implicit rule search has not been done.
#  Modification time never checked.
#  File has not been updated.

all: minishell
#  Phony target (prerequisite of .PHONY).
#  Command line target.
#  Implicit rule search has not been done.
#  File does not exist.
#  File has been updated.
#  Needs to be updated (-q is set).
# variable set hash-table stats:
# Load=0/32=0%, Rehash=0, Collisions=0/5=0%

# Not a target:
obj/redir/ft_here_doc.o:
#  Implicit rule search has not been done.
#  Modification time never checked.
#  File has not been updated.

# Not a target:
obj/var/ft_var_sort.o:
#  Implicit rule search has not been done.
#  Modification time never checked.
#  File has not been updated.

.PHONY: all clean fclean re obj
#  Implicit rule search has not been done.
#  Modification time never checked.
#  File has not been updated.

# Not a target:
obj/var/ft_var.o:
#  Implicit rule search has not been done.
#  Modification time never checked.
#  File has not been updated.

# Not a target:
obj/init/ft_init_token.o:
#  Implicit rule search has not been done.
#  Modification time never checked.
#  File has not been updated.

# Not a target:
obj/free/ft_free.o:
#  Implicit rule search has not been done.
#  Modification time never checked.
#  File has not been updated.

# Not a target:
obj/utils/ft_str.o:
#  Implicit rule search has not been done.
#  Modification time never checked.
#  File has not been updated.

# Not a target:
obj/parsing/ft_cut_redirects.o:
#  Implicit rule search has not been done.
#  Modification time never checked.
#  File has not been updated.

obj/main.o: src/main.c
#  Implicit rule search has been done.
#  Implicit/static pattern stem: 'main'
#  File does not exist.
#  File has been updated.
#  Needs to be updated (-q is set).
# automatic
# @ := obj/main.o
# automatic
# % := 
# automatic
# * := main
# automatic
# + := src/main.c
# automatic
# | := 
# automatic
# < := src/main.c
# automatic
# ^ := src/main.c
# automatic
# ? := src/main.c
# variable set hash-table stats:
# Load=8/32=25%, Rehash=0, Collisions=1/15=7%
#  recipe to execute (from 'Makefile', line 87):
	@mkdir -p obj
	@mkdir -p obj/parsing
	@mkdir -p obj/init
	@mkdir -p obj/builtin
	@mkdir -p obj/utils
	@mkdir -p obj/var
	@mkdir -p obj/bin
	@mkdir -p obj/redir
	@mkdir -p obj/free
	@mkdir -p obj/parse_arg
	@$(CC) $(CFLAGS) -o $@ -c $<

# Not a target:
obj/parse_arg/ft_one_arg.o:
#  Implicit rule search has not been done.
#  Modification time never checked.
#  File has not been updated.

# Not a target:
Makefile:
#  Implicit rule search has been done.
#  Last modified 2022-07-13 10:06:27.695766986
#  File has been updated.
#  Successfully updated.

# Not a target:
obj/parse_arg/ft_size_one_arg.o:
#  Implicit rule search has not been done.
#  Modification time never checked.
#  File has not been updated.

# Not a target:
obj/builtin/ft_env.o:
#  Implicit rule search has not been done.
#  Modification time never checked.
#  File has not been updated.

# Not a target:
obj/parsing/ft_cut_env.o:
#  Implicit rule search has not been done.
#  Modification time never checked.
#  File has not been updated.

# Not a target:
obj/builtin/ft_exit.o:
#  Implicit rule search has not been done.
#  Modification time never checked.
#  File has not been updated.

# Not a target:
obj/parsing/ft_clear_token.o:
#  Implicit rule search has not been done.
#  Modification time never checked.
#  File has not been updated.

# Not a target:
obj/parsing/ft_cut_exit.o:
#  Implicit rule search has not been done.
#  Modification time never checked.
#  File has not been updated.

# Not a target:
obj/utils/ft_str_bis.o:
#  Implicit rule search has not been done.
#  Modification time never checked.
#  File has not been updated.

minishell: obj/main.o obj/signals.o obj/parsing/ft_cut_exit.o obj/parsing/ft_clear_token.o obj/parsing/ft_cut_cd.o obj/parsing/ft_cut_env.o obj/parsing/ft_cut_pwd.o obj/parsing/ft_cut_input.o obj/parsing/ft_cut_export.o obj/parsing/ft_cut_echo.o obj/parsing/ft_cut_unset.o obj/parsing/ft_cut_bin.o obj/parsing/ft_cut_bin_bis.o obj/parsing/ft_cut_redirects.o obj/parsing/ft_pre_parsing.o obj/init/ft_init_token.o obj/init/ft_init_data.o obj/init/ft_init_var.o obj/builtin/ft_read_token_list.o obj/builtin/ft_read_token_list_bis.o obj/builtin/ft_read_token_list_bis_bis.o obj/builtin/ft_echo.o obj/builtin/ft_pwd.o obj/builtin/ft_env.o obj/builtin/ft_unset.o obj/builtin/ft_export.o obj/builtin/ft_cd.o obj/builtin/ft_cd_bis.o obj/builtin/ft_exit.o obj/utils/ft_write.o obj/utils/ft_str.o obj/utils/ft_str_bis.o obj/utils/ft_str_bis_bis.o obj/var/ft_var.o obj/var/ft_var_sort.o obj/bin/ft_bin.o obj/bin/ft_bin_bis.o obj/redir/ft_pipe.o obj/redir/ft_in_file.o obj/redir/ft_here_doc.o obj/free/ft_free.o obj/parse_arg/ft_parse_arg.o obj/parse_arg/ft_malloc_arg.o obj/parse_arg/ft_malloc_arg_bis.o obj/parse_arg/ft_one_arg.o obj/parse_arg/ft_size_one_arg.o obj/parse_arg/ft_quote.o obj/parse_arg/ft_dol.o src/libft/libft.a
#  Implicit rule search has not been done.
#  File does not exist.
#  File has been updated.
#  Needs to be updated (-q is set).
# variable set hash-table stats:
# Load=0/32=0%, Rehash=0, Collisions=0/5=0%
#  recipe to execute (from 'Makefile', line 80):
	@$(CC)  $(CFLAGS) $(OBJ) $(LIB_FLAGS) -lreadline -o $(NAME)
	$(DONE)

# Not a target:
obj/parsing/ft_cut_input.o:
#  Implicit rule search has not been done.
#  Modification time never checked.
#  File has not been updated.

# Not a target:
obj/builtin/ft_pwd.o:
#  Implicit rule search has not been done.
#  Modification time never checked.
#  File has not been updated.

# Not a target:
obj/parsing/ft_cut_pwd.o:
#  Implicit rule search has not been done.
#  Modification time never checked.
#  File has not been updated.

fclean: clean
#  Phony target (prerequisite of .PHONY).
#  Implicit rule search has not been done.
#  File does not exist.
#  File has not been updated.
#  recipe to execute (from 'Makefile', line 105):
	@make fclean -sC $(LIBFT_DIR)
	@${RM} ${NAME}
	$(CLEAN_A)

# Not a target:
obj/parse_arg/ft_dol.o:
#  Implicit rule search has not been done.
#  Modification time never checked.
#  File has not been updated.

# Not a target:
obj/redir/ft_pipe.o:
#  Implicit rule search has not been done.
#  Modification time never checked.
#  File has not been updated.

# Not a target:
obj/builtin/ft_unset.o:
#  Implicit rule search has not been done.
#  Modification time never checked.
#  File has not been updated.

# Not a target:
src/main.c:
#  Implicit rule search has been done.
#  Last modified 2022-07-13 10:06:27.735766941
#  File has been updated.
#  Successfully updated.

# Not a target:
obj/parsing/ft_cut_unset.o:
#  Implicit rule search has not been done.
#  Modification time never checked.
#  File has not been updated.

obj:
#  Phony target (prerequisite of .PHONY).
#  Implicit rule search has not been done.
#  File does not exist.
#  File has not been updated.
 

# Not a target:
obj/utils/ft_str_bis_bis.o:
#  Implicit rule search has not been done.
#  Modification time never checked.
#  File has not been updated.

# Not a target:
obj/signals.o:
#  Implicit rule search has not been done.
#  Modification time never checked.
#  File has not been updated.

# Not a target:
.DEFAULT:
#  Implicit rule search has not been done.
#  Modification time never checked.
#  File has not been updated.

# Not a target:
obj/builtin/ft_read_token_list.o:
#  Implicit rule search has not been done.
#  Modification time never checked.
#  File has not been updated.

# Not a target:
obj/redir/ft_in_file.o:
#  Implicit rule search has not been done.
#  Modification time never checked.
#  File has not been updated.

# Not a target:
obj/bin/ft_bin.o:
#  Implicit rule search has not been done.
#  Modification time never checked.
#  File has not been updated.

re: fclean all
#  Phony target (prerequisite of .PHONY).
#  Implicit rule search has not been done.
#  File does not exist.
#  File has not been updated.

clean:
#  Phony target (prerequisite of .PHONY).
#  Implicit rule search has not been done.
#  File does not exist.
#  File has not been updated.
#  recipe to execute (from 'Makefile', line 100):
	@make clean -sC $(LIBFT_DIR)
	@${RM} obj ${OBJ}
	$(CLEAN_O)

# Not a target:
obj/init/ft_init_data.o:
#  Implicit rule search has not been done.
#  Modification time never checked.
#  File has not been updated.

# Not a target:
obj/parsing/ft_pre_parsing.o:
#  Implicit rule search has not been done.
#  Modification time never checked.
#  File has not been updated.

src/libft/libft.a:
#  Implicit rule search has not been done.
#  Modification time never checked.
#  File has not been updated.
#  recipe to execute (from 'Makefile', line 84):
	@make -sC $(LIBFT_DIR)

# Not a target:
obj/builtin/ft_read_token_list_bis.o:
#  Implicit rule search has not been done.
#  Modification time never checked.
#  File has not been updated.

# Not a target:
obj/builtin/ft_cd.o:
#  Implicit rule search has not been done.
#  Modification time never checked.
#  File has not been updated.

# Not a target:
obj/parsing/ft_cut_cd.o:
#  Implicit rule search has not been done.
#  Modification time never checked.
#  File has not been updated.

# Not a target:
obj/utils/ft_write.o:
#  Implicit rule search has not been done.
#  Modification time never checked.
#  File has not been updated.

# Not a target:
obj/parsing/ft_cut_bin.o:
#  Implicit rule search has not been done.
#  Modification time never checked.
#  File has not been updated.

# Not a target:
obj/init/ft_init_var.o:
#  Implicit rule search has not been done.
#  Modification time never checked.
#  File has not been updated.

# Not a target:
obj/bin/ft_bin_bis.o:
#  Implicit rule search has not been done.
#  Modification time never checked.
#  File has not been updated.

# Not a target:
obj/parse_arg/ft_malloc_arg.o:
#  Implicit rule search has not been done.
#  Modification time never checked.
#  File has not been updated.

# Not a target:
obj/builtin/ft_read_token_list_bis_bis.o:
#  Implicit rule search has not been done.
#  Modification time never checked.
#  File has not been updated.

# Not a target:
obj/builtin/ft_cd_bis.o:
#  Implicit rule search has not been done.
#  Modification time never checked.
#  File has not been updated.

# files hash-table stats:
# Load=60/1024=6%, Rehash=0, Collisions=4/134=3%
# VPATH Search Paths

# No 'vpath' search paths.

# No general ('VPATH' variable) search path.

# strcache buffers: 1 (0) / strings = 77 / storage = 1416 B / avg = 18 B
# current buf: size = 8162 B / used = 1416 B / count = 77 / avg = 18 B

# strcache performance: lookups = 102 / hit rate = 24%
# hash-table stats:
# Load=77/8192=1%, Rehash=0, Collisions=3/102=3%
# Finished Make data base on Wed Jul 13 10:07:11 2022

 
